2023.09.14 20:18:57 INFO  Started: Metals version 1.0.1 in folders 'C:\Users\vinye\OneDrive\Documentos\Estudos\Html e css\Exercícios\Ex 009' for client Visual Studio Code 1.82.1.
set 14, 2023 8:18:57 PM org.flywaydb.core.internal.license.VersionPrinter printVersionOnly
INFORMAÇÕES: Flyway Community Edition 9.21.2 by Redgate
set 14, 2023 8:18:57 PM org.flywaydb.core.internal.license.VersionPrinter printVersion
INFORMAÇÕES: See release notes here: https://rd.gt/416ObMi
set 14, 2023 8:18:57 PM org.flywaydb.core.internal.license.VersionPrinter printVersion
INFORMAÇÕES: 
set 14, 2023 8:18:57 PM org.flywaydb.core.FlywayExecutor execute
INFORMAÇÕES: Database: jdbc:h2:file:C:\Users\vinye\OneDrive\Documentos\Estudos\Html e css\Exercícios\Ex 009\.metals\metals (H2 2.1)
set 14, 2023 8:18:57 PM org.flywaydb.core.internal.schemahistory.JdbcTableSchemaHistory allAppliedMigrations
INFORMAÇÕES: Schema history table "PUBLIC"."flyway_schema_history" does not exist yet
set 14, 2023 8:18:57 PM org.flywaydb.core.internal.command.DbValidate validate
INFORMAÇÕES: Successfully validated 4 migrations (execution time 00:00.018s)
set 14, 2023 8:18:57 PM org.flywaydb.core.internal.schemahistory.JdbcTableSchemaHistory create
INFORMAÇÕES: Creating Schema History table "PUBLIC"."flyway_schema_history" ...
set 14, 2023 8:18:57 PM org.flywaydb.core.internal.command.DbMigrate migrateGroup
INFORMAÇÕES: Current version of schema "PUBLIC": << Empty Schema >>
set 14, 2023 8:18:57 PM org.flywaydb.core.internal.command.DbMigrate doMigrateGroup
INFORMAÇÕES: Migrating schema "PUBLIC" to version "1 - Create tables"
set 14, 2023 8:18:57 PM org.flywaydb.core.internal.command.DbMigrate doMigrateGroup
INFORMAÇÕES: Migrating schema "PUBLIC" to version "2 - Server discovery"
set 14, 2023 8:18:57 PM org.flywaydb.core.internal.command.DbMigrate doMigrateGroup
INFORMAÇÕES: Migrating schema "PUBLIC" to version "3 - Jar symbols"
set 14, 2023 8:18:57 PM org.flywaydb.core.internal.command.DbMigrate doMigrateGroup
INFORMAÇÕES: Migrating schema "PUBLIC" to version "4 - Fingerprints"
set 14, 2023 8:18:57 PM org.flywaydb.core.internal.command.DbMigrate logSummary
INFORMAÇÕES: Successfully applied 4 migrations to schema "PUBLIC", now at version v4 (execution time 00:00.021s)
2023.09.14 20:18:58 INFO  time: initialize in 0.6s
2023.09.14 20:18:58 WARN  Build server is not auto-connectable.
2023.09.14 20:18:58 WARN  no build tool detected in workspace 'C:\Users\vinye\OneDrive\Documentos\Estudos\Html e css\Exercícios\Ex 009'. The most common cause for this problem is that the editor was opened in the wrong working directory, for example if you use sbt then the workspace directory should contain build.sbt. 
